0 info it worked if it ends with ok
1 verbose cli [ '/Users/mac/Workspace/Java/epill-react/src/main/frontend/node/node',
1 verbose cli   '/Users/mac/Workspace/Java/epill-react/src/main/frontend/node/node_modules/npm/bin/npm-cli.js',
1 verbose cli   'install' ]
2 info using npm@3.10.8
3 info using node@v6.9.1
4 silly loadCurrentTree Starting
5 silly install loadCurrentTree
6 silly install readLocalPackageData
7 silly install normalizeTree
8 silly loadCurrentTree Finishing
9 silly loadIdealTree Starting
10 silly install loadIdealTree
11 silly cloneCurrentTree Starting
12 silly install cloneCurrentTreeToIdealTree
13 silly cloneCurrentTree Finishing
14 silly loadShrinkwrap Starting
15 silly install loadShrinkwrap
16 silly loadShrinkwrap Finishing
17 silly loadAllDepsIntoIdealTree Starting
18 silly install loadAllDepsIntoIdealTree
19 silly rollbackFailedOptional Starting
20 silly rollbackFailedOptional Finishing
21 silly runTopLevelLifecycles Finishing
22 silly install printInstalled
23 verbose stack Error: Unsupported URL Type: npm:moment@^2.14.1
23 verbose stack     at parseUrl (/Users/mac/Workspace/Java/epill-react/src/main/frontend/node/node_modules/npm/node_modules/npm-package-arg/npa.js:186:13)
23 verbose stack     at npa (/Users/mac/Workspace/Java/epill-react/src/main/frontend/node/node_modules/npm/node_modules/npm-package-arg/npa.js:79:12)
23 verbose stack     at module.exports (/Users/mac/Workspace/Java/epill-react/src/main/frontend/node/node_modules/npm/node_modules/realize-package-specifier/index.js:12:15)
23 verbose stack     at childDependencySpecifier (/Users/mac/Workspace/Java/epill-react/src/main/frontend/node/node_modules/npm/lib/install/deps.js:89:3)
23 verbose stack     at addDependency (/Users/mac/Workspace/Java/epill-react/src/main/frontend/node/node_modules/npm/lib/install/deps.js:425:3)
23 verbose stack     at /Users/mac/Workspace/Java/epill-react/src/main/frontend/node/node_modules/npm/lib/install/deps.js:384:5
23 verbose stack     at /Users/mac/Workspace/Java/epill-react/src/main/frontend/node/node_modules/npm/node_modules/slide/lib/async-map.js:52:35
23 verbose stack     at Array.forEach (native)
23 verbose stack     at /Users/mac/Workspace/Java/epill-react/src/main/frontend/node/node_modules/npm/node_modules/slide/lib/async-map.js:52:11
23 verbose stack     at Array.forEach (native)
24 verbose cwd /Users/mac/Workspace/Java/epill-react/src/main/frontend
25 error Darwin 16.6.0
26 error argv "/Users/mac/Workspace/Java/epill-react/src/main/frontend/node/node" "/Users/mac/Workspace/Java/epill-react/src/main/frontend/node/node_modules/npm/bin/npm-cli.js" "install"
27 error node v6.9.1
28 error npm  v3.10.8
29 error Unsupported URL Type: npm:moment@^2.14.1
30 error If you need help, you may report this error at:
30 error     <https://github.com/npm/npm/issues>
31 verbose exit [ 1, true ]
